This is pdfTeX, Version 3.1415926-1.40.10 (TeX Live 2009/Debian) (format=latex 2013.9.5)  17 SEP 2013 15:38
entering extended mode
 %&-line parsing enabled.
**Readme.tex
(./Readme.tex
LaTeX2e <2009/09/24>
Babel <v3.8l> and hyphenation patterns for english, usenglishmax, dumylang, noh
yphenation, farsi, arabic, croatian, bulgarian, ukrainian, russian, czech, slov
ak, danish, dutch, finnish, french, basque, ngerman, german, german-x-2009-06-1
9, ngerman-x-2009-06-19, ibycus, monogreek, greek, ancientgreek, hungarian, san
skrit, italian, latin, latvian, lithuanian, mongolian2a, mongolian, bokmal, nyn
orsk, romanian, irish, coptic, serbian, turkish, welsh, esperanto, uppersorbian
, estonian, indonesian, interlingua, icelandic, kurmanji, slovenian, polish, po
rtuguese, spanish, galician, catalan, swedish, ukenglish, pinyin, loaded.
(/usr/share/texmf-texlive/tex/latex/base/article.cls
Document Class: article 2007/10/19 v1.4h Standard LaTeX document class
(/usr/share/texmf-texlive/tex/latex/base/size10.clo
File: size10.clo 2007/10/19 v1.4h Standard LaTeX file (size option)
)
\c@part=\count79
\c@section=\count80
\c@subsection=\count81
\c@subsubsection=\count82
\c@paragraph=\count83
\c@subparagraph=\count84
\c@figure=\count85
\c@table=\count86
\abovecaptionskip=\skip41
\belowcaptionskip=\skip42
\bibindent=\dimen102
)
(/usr/share/texmf-texlive/tex/latex/psnfss/times.sty
Package: times 2005/04/12 PSNFSS-v9.2a (SPQR) 
) (./Readme.aux)
\openout1 = `Readme.aux'.

LaTeX Font Info:    Checking defaults for OML/cmm/m/it on input line 3.
LaTeX Font Info:    ... okay on input line 3.
LaTeX Font Info:    Checking defaults for T1/cmr/m/n on input line 3.
LaTeX Font Info:    ... okay on input line 3.
LaTeX Font Info:    Checking defaults for OT1/cmr/m/n on input line 3.
LaTeX Font Info:    ... okay on input line 3.
LaTeX Font Info:    Checking defaults for OMS/cmsy/m/n on input line 3.
LaTeX Font Info:    ... okay on input line 3.
LaTeX Font Info:    Checking defaults for OMX/cmex/m/n on input line 3.
LaTeX Font Info:    ... okay on input line 3.
LaTeX Font Info:    Checking defaults for U/cmr/m/n on input line 3.
LaTeX Font Info:    ... okay on input line 3.
LaTeX Font Info:    Try loading font information for OT1+ptm on input line 3.

(/usr/share/texmf-texlive/tex/latex/psnfss/ot1ptm.fd
File: ot1ptm.fd 2001/06/04 font definitions for OT1/ptm.
)
LaTeX Font Info:    Font shape `OT1/ptm/bx/n' in size <14.4> not available
(Font)              Font shape `OT1/ptm/b/n' tried instead on input line 5.
LaTeX Font Info:    Try loading font information for OT1+pcr on input line 21.

(/usr/share/texmf-texlive/tex/latex/psnfss/ot1pcr.fd
File: ot1pcr.fd 2001/06/04 font definitions for OT1/pcr.
)
Overfull \hbox (141.0pt too wide) in paragraph at lines 50--50
[]\OT1/pcr/m/n/10 #It needs to be a value unlikely to ever be entered. By havin
g it here, it allows[] 
 []


Overfull \hbox (147.0pt too wide) in paragraph at lines 50--50
[]\OT1/pcr/m/n/10 #the UI components to use this constant as well as gherkin to
 use the same code to[] 
 []


Overfull \hbox (171.0pt too wide) in paragraph at lines 50--50
[]\OT1/pcr/m/n/10 CANCEL_CODE = "b748d7f9f3d5197c46052_120625a4550131d8 67049c1
3e11,02d.7?sa83a2e39b4ff"[] 
 []


Overfull \hbox (117.0pt too wide) in paragraph at lines 50--50
[]\OT1/pcr/m/n/10 #The title is probably a good place to have some sort of titl
e as a grouping.[] 
 []


Overfull \hbox (9.0pt too wide) in paragraph at lines 50--50
[]\OT1/pcr/m/n/10 DEFINITIONS_FOLDER = "/usr/local/share/gherkin/definitions"[]
 
 []


Overfull \hbox (21.0pt too wide) in paragraph at lines 50--50
[]\OT1/pcr/m/n/10 #Default Groups (when Groups not specified when adding users)
[] 
 []


Overfull \hbox (39.0pt too wide) in paragraph at lines 50--50
[]\OT1/pcr/m/n/10 #Don't change these. Bunch of constants that are used interna
lly[] 
 []

[1

]
LaTeX Font Info:    Try loading font information for OMS+ptm on input line 53.
 (/usr/share/texmf-texlive/tex/latex/psnfss/omsptm.fd
File: omsptm.fd 
)
LaTeX Font Info:    Font shape `OMS/ptm/m/n' in size <10> not available
(Font)              Font shape `OMS/cmsy/m/n' tried instead on input line 53.
LaTeX Font Info:    Font shape `OT1/ptm/bx/n' in size <12> not available
(Font)              Font shape `OT1/ptm/b/n' tried instead on input line 69.
LaTeX Font Info:    Font shape `OT1/ptm/bx/n' in size <10> not available
(Font)              Font shape `OT1/ptm/b/n' tried instead on input line 78.
 [2] (./Readme.aux) ) 
Here is how much of TeX's memory you used:
 304 strings out of 493849
 3706 string characters out of 1152847
 51808 words of memory out of 3000000
 3651 multiletter control sequences out of 15000+50000
 6934 words of font info for 21 fonts, out of 3000000 for 9000
 714 hyphenation exceptions out of 8191
 23i,4n,19p,155b,159s stack positions out of 5000i,500n,10000p,200000b,50000s

Output written on Readme.dvi (2 pages, 4592 bytes).
